<?xml version="1.0" encoding="UTF-8"?>
<!-- Generated by org.testng.reporters.JUnitReportReporter -->
<testsuite hostname="Shaiz-Akber-G10" failures="0" tests="3" name="Tests.LoginTests" time="33.545" errors="0" timestamp="2025-03-02T04:29:58 PKT" skipped="0">
  <testcase classname="Tests.LoginTests" name="InvalidUsername" time="16.509"/>
  <testcase classname="Tests.LoginTests" name="invalidPassword" time="9.340"/>
  <testcase classname="Tests.LoginTests" name="ValidLogin" time="7.696"/>
</testsuite> <!-- Tests.LoginTests -->
