<?xml version="1.0" encoding="UTF-8"?>
<!-- Generated by org.testng.reporters.JUnitReportReporter -->
<testsuite hostname="Shaiz-Akber-G10" failures="0" tests="3" name="Tests.LoginTests" time="31.090" errors="0" timestamp="2025-03-01T02:57:52 PKT" skipped="0">
  <testcase classname="Tests.LoginTests" name="InvalidUsername" time="16.284"/>
  <testcase classname="Tests.LoginTests" name="invalidPassword" time="8.166"/>
  <testcase classname="Tests.LoginTests" name="ValidLogin" time="6.640"/>
</testsuite> <!-- Tests.LoginTests -->
