<?xml version="1.0" encoding="UTF-8"?>
<!-- Generated by org.testng.reporters.JUnitReportReporter -->
<testsuite hostname="Shaiz-Akber-G10" failures="0" tests="3" name="Tests.LoginTests" time="36.198" errors="0" timestamp="2025-02-23T03:55:00 PKT" skipped="0">
  <testcase classname="Tests.LoginTests" name="InvalidUsername" time="20.600"/>
  <testcase classname="Tests.LoginTests" name="invalidPassword" time="7.291"/>
  <testcase classname="Tests.LoginTests" name="ValidLogin" time="8.307"/>
</testsuite> <!-- Tests.LoginTests -->
